<?xml version="1.0" encoding="UTF-8"?>
<testsuite xmlns:xsi="http://www.w3.org/2001/XMLSchema-instance" xsi:noNamespaceSchemaLocation="https://maven.apache.org/surefire/maven-surefire-plugin/xsd/surefire-test-report.xsd" name="app.EvalyApplicationTests" time="0.152" tests="1" errors="1" skipped="0" failures="0">
  <properties>
[...]
</properties>
  <testcase name="app.EvalyApplicationTests" classname="app.EvalyApplicationTests" time="0.151">
    <error message="Unable to find a @SpringBootConfiguration, you need to use @ContextConfiguration or @SpringBootTest(classes=...) with your test" type="java.lang.IllegalStateException">java.lang.IllegalStateException: Unable to find a @SpringBootConfiguration, you need to use @ContextConfiguration or @SpringBootTest(classes=...) with your test
</error>
    <system-out><![CDATA[12:53:51.884 [main] DEBUG org.springframework.test.context.BootstrapUtils - Instantiating CacheAwareContextLoaderDelegate from class [org.springframework.test.context.cache.DefaultCacheAwareContextLoaderDelegate]
12:53:51.892 [main] DEBUG org.springframework.test.context.BootstrapUtils - Instantiating BootstrapContext using constructor [public org.springframework.test.context.support.DefaultBootstrapContext(java.lang.Class,org.springframework.test.context.CacheAwareContextLoaderDelegate)]
12:53:51.916 [main] DEBUG org.springframework.test.context.BootstrapUtils - Instantiating TestContextBootstrapper for test class [app.EvalyApplicationTests] from class [org.springframework.boot.test.context.SpringBootTestContextBootstrapper]
12:53:51.924 [main] INFO org.springframework.boot.test.context.SpringBootTestContextBootstrapper - Neither @ContextConfiguration nor @ContextHierarchy found for test class [app.EvalyApplicationTests], using SpringBootContextLoader
12:53:51.927 [main] DEBUG org.springframework.test.context.support.AbstractContextLoader - Did not detect default resource location for test class [app.EvalyApplicationTests]: class path resource [app/EvalyApplicationTests-context.xml] does not exist
12:53:51.927 [main] DEBUG org.springframework.test.context.support.AbstractContextLoader - Did not detect default resource location for test class [app.EvalyApplicationTests]: class path resource [app/EvalyApplicationTestsContext.groovy] does not exist
12:53:51.927 [main] INFO org.springframework.test.context.support.AbstractContextLoader - Could not detect default resource locations for test class [app.EvalyApplicationTests]: no resource found for suffixes {-context.xml, Context.groovy}.
12:53:51.928 [main] INFO org.springframework.test.context.support.AnnotationConfigContextLoaderUtils - Could not detect default configuration classes for test class [app.EvalyApplicationTests]: EvalyApplicationTests does not declare any static, non-private, non-final, nested classes annotated with @Configuration.
12:53:51.956 [main] DEBUG org.springframework.test.context.support.ActiveProfilesUtils - Could not find an 'annotation declaring class' for annotation type [org.springframework.test.context.ActiveProfiles] and class [app.EvalyApplicationTests]
]]></system-out>
  </testcase>
</testsuite>